Building DAG of jobs...
Using shell: /bin/bash
Provided cores: 1 (use --cores to define parallelism)
Rules claiming more threads will be scaled down.
Job stats:
job              count    min threads    max threads
-------------  -------  -------------  -------------
download_data        1              1              1
total                1              1              1

Select jobs to execute...

[Thu Jul  7 14:18:56 2022]
rule download_data:
    output: data/pbmc3k.h5ad
    jobid: 0
    reason: Missing output files: data/pbmc3k.h5ad
    resources: tmpdir=/scratch/5722254.1.y

[Thu Jul  7 14:19:45 2022]
Finished job 0.
1 of 1 steps (100%) done
Complete log: .snakemake/log/2022-07-07T141855.967885.snakemake.log
